<?xml version="1.0" encoding="UTF-8"?>
<testsuite xmlns:xsi="http://www.w3.org/2001/XMLSchema-instance" xsi:noNamespaceSchemaLocation="https://maven.apache.org/surefire/maven-surefire-plugin/xsd/surefire-test-report.xsd" version="3.0.2" name="com.examplecom.model.CuentaTest$ParametersTest" time="0.088" tests="25" errors="0" skipped="2" failures="0">
  <properties>
[...]
</properties>
  <testcase name="timeoutTest" classname="com.examplecom.model.CuentaTest" time="3.026">
    <system-out><![CDATA[Iniciando Testing
Iniciando Test
Finalizando Test
]]></system-out>
  </testcase>
  <testcase name="testInsertCuentas" classname="com.examplecom.model.CuentaTest" time="0.001">
    <system-out><![CDATA[Iniciando Test
Finalizando Test
]]></system-out>
  </testcase>
  <testcase name="testRelacionBancoCuenta" classname="com.examplecom.model.CuentaTest" time="0.001">
    <system-out><![CDATA[Iniciando Test
Finalizando Test
]]></system-out>
  </testcase>
  <testcase name="testSaldo" classname="com.examplecom.model.CuentaTest" time="0.001">
    <system-out><![CDATA[Iniciando Test
Finalizando Test
]]></system-out>
  </testcase>
  <testcase name="testTransferencia" classname="com.examplecom.model.CuentaTest" time="0.001">
    <system-out><![CDATA[Iniciando Test
Finalizando Test
]]></system-out>
  </testcase>
  <testcase name="testCredito" classname="com.examplecom.model.CuentaTest" time="0.002">
    <system-out><![CDATA[Iniciando Test
Finalizando Test
]]></system-out>
  </testcase>
  <testcase name="testSaldoInsuficiente" classname="com.examplecom.model.CuentaTest" time="0.002">
    <system-out><![CDATA[Iniciando Test
Finalizando Test
]]></system-out>
  </testcase>
  <testcase name="testDebito" classname="com.examplecom.model.CuentaTest" time="0.001">
    <system-out><![CDATA[Iniciando Test
Finalizando Test
]]></system-out>
  </testcase>
  <testcase name="testRelacionBancoCuenta2" classname="com.examplecom.model.CuentaTest" time="0.004">
    <system-out><![CDATA[Iniciando Test
Finalizando Test
]]></system-out>
  </testcase>
  <testcase name="testInfoEnv" classname="com.examplecom.model.CuentaTest" time="0.0">
    <skipped message="void com.examplecom.model.CuentaTest.testInfoEnv() is @Disabled"/>
  </testcase>
  <testcase name="testNombre" classname="com.examplecom.model.CuentaTest" time="0.0">
    <skipped message="void com.examplecom.model.CuentaTest.testNombre() is @Disabled"/>
  </testcase>
  <testcase name="testSameObject" classname="com.examplecom.model.CuentaTest" time="0.001">
    <system-out><![CDATA[Iniciando Test
Finalizando Test
]]></system-out>
  </testcase>
  <testcase name="testCuentaDebito(String)[1]" classname="com.examplecom.model.CuentaTest$ParametersTest" time="0.021">
    <system-out><![CDATA[Iniciando Test
Finalizando Test
]]></system-out>
  </testcase>
  <testcase name="testCuentaDebito(String)[2]" classname="com.examplecom.model.CuentaTest$ParametersTest" time="0.001">
    <system-out><![CDATA[Iniciando Test
Finalizando Test
]]></system-out>
  </testcase>
  <testcase name="testCuentaDebito(String)[3]" classname="com.examplecom.model.CuentaTest$ParametersTest" time="0.001">
    <system-out><![CDATA[Iniciando Test
Finalizando Test
]]></system-out>
  </testcase>
  <testcase name="testCuentaDebito(String)[4]" classname="com.examplecom.model.CuentaTest$ParametersTest" time="0.001">
    <system-out><![CDATA[Iniciando Test
Finalizando Test
]]></system-out>
  </testcase>
  <testcase name="testCuentaDebito(String)[5]" classname="com.examplecom.model.CuentaTest$ParametersTest" time="0.001">
    <system-out><![CDATA[Iniciando Test
Finalizando Test
]]></system-out>
  </testcase>
  <testcase name="testCuentaDebito(String)[6]" classname="com.examplecom.model.CuentaTest$ParametersTest" time="0.001">
    <system-out><![CDATA[Iniciando Test
Finalizando Test
]]></system-out>
  </testcase>
  <testcase name="testCuentaDebito(String)[7]" classname="com.examplecom.model.CuentaTest$ParametersTest" time="0.001">
    <system-out><![CDATA[Iniciando Test
Finalizando Test
]]></system-out>
  </testcase>
  <testcase name="testCuentaDebito(String, String)[1]" classname="com.examplecom.model.CuentaTest$ParametersTest" time="0.001">
    <system-out><![CDATA[Iniciando Test
Finalizando Test
]]></system-out>
  </testcase>
  <testcase name="testCuentaDebito(String, String)[2]" classname="com.examplecom.model.CuentaTest$ParametersTest" time="0.001">
    <system-out><![CDATA[Iniciando Test
Finalizando Test
]]></system-out>
  </testcase>
  <testcase name="testCuentaDebito(String, String)[3]" classname="com.examplecom.model.CuentaTest$ParametersTest" time="0.0">
    <system-out><![CDATA[Iniciando Test
Finalizando Test
]]></system-out>
  </testcase>
  <testcase name="testCuentaDebito(String, String)[4]" classname="com.examplecom.model.CuentaTest$ParametersTest" time="0.001">
    <system-out><![CDATA[Iniciando Test
Finalizando Test
]]></system-out>
  </testcase>
  <testcase name="testCuentaDebito(String, String)[5]" classname="com.examplecom.model.CuentaTest$ParametersTest" time="0.001">
    <system-out><![CDATA[Iniciando Test
Finalizando Test
]]></system-out>
  </testcase>
  <testcase name="testCuentaDebito(String, String)[6]" classname="com.examplecom.model.CuentaTest$ParametersTest" time="0.001">
    <system-out><![CDATA[Iniciando Test
Finalizando Test
]]></system-out>
  </testcase>
</testsuite>